120407 21:56:15 [Note] Plugin 'FEDERATED' is disabled.
120407 21:56:15 InnoDB: The InnoDB memory heap is disabled
120407 21:56:15 InnoDB: Mutexes and rw_locks use Windows interlocked functions
120407 21:56:15 InnoDB: Compressed tables use zlib 1.2.3
120407 21:56:15 InnoDB: Initializing buffer pool, size = 128.0M
120407 21:56:15 InnoDB: Completed initialization of buffer pool
InnoDB: The first specified data file .\ibdata1 did not exist:
InnoDB: a new database to be created!
120407 21:56:15  InnoDB: Setting file .\ibdata1 size to 10 MB
InnoDB: Database physically writes the file full: wait...
120407 21:56:16  InnoDB: Log file .\ib_logfile0 did not exist: new to be created
InnoDB: Setting log file .\ib_logfile0 size to 5 MB
InnoDB: Database physically writes the file full: wait...
120407 21:56:16  InnoDB: Log file .\ib_logfile1 did not exist: new to be created
InnoDB: Setting log file .\ib_logfile1 size to 5 MB
InnoDB: Database physically writes the file full: wait...
InnoDB: Doublewrite buffer not found: creating new
InnoDB: Doublewrite buffer created
InnoDB: 127 rollback segment(s) active.
InnoDB: Creating foreign key constraint system tables
InnoDB: Foreign key constraint system tables created
120407 21:56:17  InnoDB: Waiting for the background threads to start
120407 21:56:18 InnoDB: 1.1.8 started; log sequence number 0
120407 21:56:18 [Note] Event Scheduler: Loaded 0 events
120407 21:56:18 [Note] mysqld: ready for connections.
Version: '5.5.22'  socket: ''  port: 3306  MySQL Community Server (GPL)
120407 21:57:44 [Note] Plugin 'FEDERATED' is disabled.
120407 21:57:44 InnoDB: The InnoDB memory heap is disabled
120407 21:57:44 InnoDB: Mutexes and rw_locks use Windows interlocked functions
120407 21:57:44 InnoDB: Compressed tables use zlib 1.2.3
120407 21:57:44 InnoDB: Initializing buffer pool, size = 128.0M
120407 21:57:44 InnoDB: Completed initialization of buffer pool
120407 21:57:44  InnoDB: Operating system error number 32 in a file operation.
InnoDB: The error means that another program is using InnoDB's files.
InnoDB: This might be a backup or antivirus software or another instance
InnoDB: of MySQL. Please close it to get rid of this error.
120407 21:57:54  InnoDB: Operating system error number 32 in a file operation.
InnoDB: The error means that another program is using InnoDB's files.
InnoDB: This might be a backup or antivirus software or another instance
InnoDB: of MySQL. Please close it to get rid of this error.
120407 22:01:28 [Note] Plugin 'FEDERATED' is disabled.
120407 22:01:28 InnoDB: The InnoDB memory heap is disabled
120407 22:01:28 InnoDB: Mutexes and rw_locks use Windows interlocked functions
120407 22:01:28 InnoDB: Compressed tables use zlib 1.2.3
120407 22:01:28 InnoDB: Initializing buffer pool, size = 128.0M
120407 22:01:28 InnoDB: Completed initialization of buffer pool
120407 22:01:28 InnoDB: highest supported file format is Barracuda.
InnoDB: The log sequence number in ibdata files does not match
InnoDB: the log sequence number in the ib_logfiles!
120407 22:01:28  InnoDB: Database was not shut down normally!
InnoDB: Starting crash recovery.
InnoDB: Reading tablespace information from the .ibd files...
InnoDB: Restoring possible half-written data pages from the doublewrite
InnoDB: buffer...
120407 22:01:29  InnoDB: Waiting for the background threads to start
120407 22:01:30 InnoDB: 1.1.8 started; log sequence number 1595675
120407 22:01:30 [Note] Event Scheduler: Loaded 0 events
120407 22:01:30 [Note] ./mysql/bin/mysqld: ready for connections.
Version: '5.5.22'  socket: ''  port: 3306  MySQL Community Server (GPL)
120407 22:01:46 [Note] Plugin 'FEDERATED' is disabled.
120407 22:01:46 InnoDB: The InnoDB memory heap is disabled
120407 22:01:46 InnoDB: Mutexes and rw_locks use Windows interlocked functions
120407 22:01:46 InnoDB: Compressed tables use zlib 1.2.3
120407 22:01:46 InnoDB: Initializing buffer pool, size = 128.0M
120407 22:01:46 InnoDB: Completed initialization of buffer pool
120407 22:01:46  InnoDB: Operating system error number 32 in a file operation.
InnoDB: The error means that another program is using InnoDB's files.
InnoDB: This might be a backup or antivirus software or another instance
InnoDB: of MySQL. Please close it to get rid of this error.
120407 22:02:31 [Note] Plugin 'FEDERATED' is disabled.
120407 22:02:31 InnoDB: The InnoDB memory heap is disabled
120407 22:02:31 InnoDB: Mutexes and rw_locks use Windows interlocked functions
120407 22:02:31 InnoDB: Compressed tables use zlib 1.2.3
120407 22:02:31 InnoDB: Initializing buffer pool, size = 128.0M
120407 22:02:31 InnoDB: Completed initialization of buffer pool
120407 22:02:31 InnoDB: highest supported file format is Barracuda.
InnoDB: The log sequence number in ibdata files does not match
InnoDB: the log sequence number in the ib_logfiles!
120407 22:02:31  InnoDB: Database was not shut down normally!
InnoDB: Starting crash recovery.
InnoDB: Reading tablespace information from the .ibd files...
InnoDB: Restoring possible half-written data pages from the doublewrite
InnoDB: buffer...
120407 22:02:31  InnoDB: Waiting for the background threads to start
120407 22:02:32 InnoDB: 1.1.8 started; log sequence number 1595675
./mysql/bin/mysqld: Too many arguments (first extra is '/k').
Use --verbose --help to get a list of available options
120407 22:02:32 [ERROR] Aborting

120407 22:02:32  InnoDB: Starting shutdown...
120407 22:02:32  InnoDB: Shutdown completed; log sequence number 1595675
120407 22:02:32 [Note] ./mysql/bin/mysqld: Shutdown complete

120407 22:03:04 [Note] Plugin 'FEDERATED' is disabled.
120407 22:03:04 InnoDB: The InnoDB memory heap is disabled
120407 22:03:04 InnoDB: Mutexes and rw_locks use Windows interlocked functions
120407 22:03:04 InnoDB: Compressed tables use zlib 1.2.3
120407 22:03:04 InnoDB: Initializing buffer pool, size = 128.0M
120407 22:03:04 InnoDB: Completed initialization of buffer pool
120407 22:03:04 InnoDB: highest supported file format is Barracuda.
120407 22:03:04  InnoDB: Waiting for the background threads to start
120407 22:03:05 InnoDB: 1.1.8 started; log sequence number 1595675
./mysql/bin/mysqld: Too many arguments (first extra is '/k').
Use --verbose --help to get a list of available options
120407 22:03:05 [ERROR] Aborting

120407 22:03:05  InnoDB: Starting shutdown...
120407 22:03:06  InnoDB: Shutdown completed; log sequence number 1595675
120407 22:03:06 [Note] ./mysql/bin/mysqld: Shutdown complete

120407 22:04:45 [Note] Plugin 'FEDERATED' is disabled.
120407 22:04:45 InnoDB: The InnoDB memory heap is disabled
120407 22:04:45 InnoDB: Mutexes and rw_locks use Windows interlocked functions
120407 22:04:45 InnoDB: Compressed tables use zlib 1.2.3
120407 22:04:45 InnoDB: Initializing buffer pool, size = 128.0M
120407 22:04:45 InnoDB: Completed initialization of buffer pool
120407 22:04:45 InnoDB: highest supported file format is Barracuda.
120407 22:04:45  InnoDB: Waiting for the background threads to start
120407 22:04:46 InnoDB: 1.1.8 started; log sequence number 1595675
120407 22:04:46 [Note] Event Scheduler: Loaded 0 events
120407 22:04:46 [Note] ./mysql/bin/mysqld.exe: ready for connections.
Version: '5.5.22'  socket: ''  port: 3306  MySQL Community Server (GPL)
120407 22:14:52 [Note] Plugin 'FEDERATED' is disabled.
120407 22:14:52 InnoDB: The InnoDB memory heap is disabled
120407 22:14:52 InnoDB: Mutexes and rw_locks use Windows interlocked functions
120407 22:14:52 InnoDB: Compressed tables use zlib 1.2.3
120407 22:14:52 InnoDB: Initializing buffer pool, size = 128.0M
120407 22:14:52 InnoDB: Completed initialization of buffer pool
120407 22:14:52 InnoDB: highest supported file format is Barracuda.
120407 22:14:53  InnoDB: Waiting for the background threads to start
120407 22:14:54 InnoDB: 1.1.8 started; log sequence number 1595675
120407 22:14:54 [Note] Event Scheduler: Loaded 0 events
120407 22:14:54 [Note] E:\Subversion\webmanage\mysql\bin\mysqld.exe: ready for connections.
Version: '5.5.22'  socket: ''  port: 3306  MySQL Community Server (GPL)
120407 22:31:17 [Note] Plugin 'FEDERATED' is disabled.
120407 22:31:17 InnoDB: The InnoDB memory heap is disabled
120407 22:31:17 InnoDB: Mutexes and rw_locks use Windows interlocked functions
120407 22:31:17 InnoDB: Compressed tables use zlib 1.2.3
120407 22:31:17 InnoDB: Initializing buffer pool, size = 128.0M
120407 22:31:17 InnoDB: Completed initialization of buffer pool
120407 22:31:17 InnoDB: highest supported file format is Barracuda.
120407 22:31:18  InnoDB: Waiting for the background threads to start
120407 22:31:19 InnoDB: 1.1.8 started; log sequence number 1595675
120407 22:31:19 [Note] Event Scheduler: Loaded 0 events
120407 22:31:19 [Note] E:\Subversion\webmanage\mysql\bin\mysqld.exe: ready for connections.
Version: '5.5.22'  socket: ''  port: 3306  MySQL Community Server (GPL)
120407 22:38:02 [Note] Plugin 'FEDERATED' is disabled.
120407 22:38:02 InnoDB: The InnoDB memory heap is disabled
120407 22:38:02 InnoDB: Mutexes and rw_locks use Windows interlocked functions
120407 22:38:02 InnoDB: Compressed tables use zlib 1.2.3
120407 22:38:02 InnoDB: Initializing buffer pool, size = 128.0M
120407 22:38:02 InnoDB: Completed initialization of buffer pool
120407 22:38:02 InnoDB: highest supported file format is Barracuda.
120407 22:38:03  InnoDB: Waiting for the background threads to start
120407 22:38:04 InnoDB: 1.1.8 started; log sequence number 1595675
120407 22:38:04 [Note] Event Scheduler: Loaded 0 events
120407 22:38:04 [Note] ./mysql/bin/mysqld.exe: ready for connections.
Version: '5.5.22'  socket: ''  port: 3306  MySQL Community Server (GPL)
120407 23:00:34 [Note] Plugin 'FEDERATED' is disabled.
120407 23:00:34 InnoDB: The InnoDB memory heap is disabled
120407 23:00:34 InnoDB: Mutexes and rw_locks use Windows interlocked functions
120407 23:00:34 InnoDB: Compressed tables use zlib 1.2.3
120407 23:00:34 InnoDB: Initializing buffer pool, size = 128.0M
120407 23:00:34 InnoDB: Completed initialization of buffer pool
120407 23:00:34 InnoDB: highest supported file format is Barracuda.
120407 23:00:35  InnoDB: Waiting for the background threads to start
120407 23:00:36 InnoDB: 1.1.8 started; log sequence number 1595675
120407 23:00:36 [Note] Event Scheduler: Loaded 0 events
120407 23:00:36 [Note] ./mysql/bin/mysqld.exe: ready for connections.
Version: '5.5.22'  socket: ''  port: 3306  MySQL Community Server (GPL)
